2025-03-11 11:15:02,864 [Worker-4: Loading available Gradle versions] INFO  o.e.b.c.i.u.g.PublishedGradleVersions - Gradle version information cache is not available. Remote download required.
2025-03-11 11:16:47,636 [Worker-13: Launching mavenrun-60781602-0861-450e-aa15-39ad18dc83d7] INFO  o.eclipse.m2e.core.internal.Bundles - getClasspathEntries(Bundle=org.eclipse.m2e.maven.runtime_3.9.900.20240824-1409 [300])
2025-03-11 11:16:47,643 [Worker-13: Launching mavenrun-60781602-0861-450e-aa15-39ad18dc83d7] INFO  o.eclipse.m2e.core.internal.Bundles - 	Entry: C:\Users\sampa\.p2\pool\plugins\org.eclipse.m2e.maven.runtime_3.9.900.20240824-1409
2025-03-11 11:16:47,644 [Worker-13: Launching mavenrun-60781602-0861-450e-aa15-39ad18dc83d7] INFO  o.eclipse.m2e.core.internal.Bundles - 	Entry: C:\Users\sampa\.p2\pool\plugins\org.eclipse.m2e.maven.runtime_3.9.900.20240824-1409\jars\aopalliance-1.0.jar
2025-03-11 11:16:47,644 [Worker-13: Launching mavenrun-60781602-0861-450e-aa15-39ad18dc83d7] INFO  o.eclipse.m2e.core.internal.Bundles - 	Entry: C:\Users\sampa\.p2\pool\plugins\org.eclipse.m2e.maven.runtime_3.9.900.20240824-1409\jars\guice-5.1.0.jar
2025-03-11 11:16:47,644 [Worker-13: Launching mavenrun-60781602-0861-450e-aa15-39ad18dc83d7] INFO  o.eclipse.m2e.core.internal.Bundles - 	Entry: C:\Users\sampa\.p2\pool\plugins\org.eclipse.m2e.maven.runtime_3.9.900.20240824-1409\jars\httpclient-4.5.14.jar
2025-03-11 11:16:47,646 [Worker-13: Launching mavenrun-60781602-0861-450e-aa15-39ad18dc83d7] INFO  o.eclipse.m2e.core.internal.Bundles - 	Entry: C:\Users\sampa\.p2\pool\plugins\org.eclipse.m2e.maven.runtime_3.9.900.20240824-1409\jars\httpcore-4.4.16.jar
2025-03-11 11:16:47,646 [Worker-13: Launching mavenrun-60781602-0861-450e-aa15-39ad18dc83d7] INFO  o.eclipse.m2e.core.internal.Bundles - 	Entry: C:\Users\sampa\.p2\pool\plugins\org.eclipse.m2e.maven.runtime_3.9.900.20240824-1409\jars\jansi-2.4.1.jar
2025-03-11 11:16:47,647 [Worker-13: Launching mavenrun-60781602-0861-450e-aa15-39ad18dc83d7] INFO  o.eclipse.m2e.core.internal.Bundles - 	Entry: C:\Users\sampa\.p2\pool\plugins\org.eclipse.m2e.maven.runtime_3.9.900.20240824-1409\jars\jcl-over-slf4j-1.7.36.jar
2025-03-11 11:16:47,648 [Worker-13: Launching mavenrun-60781602-0861-450e-aa15-39ad18dc83d7] INFO  o.eclipse.m2e.core.internal.Bundles - 	Entry: C:\Users\sampa\.p2\pool\plugins\org.eclipse.m2e.maven.runtime_3.9.900.20240824-1409\jars\maven-artifact-3.9.9.jar
2025-03-11 11:16:47,649 [Worker-13: Launching mavenrun-60781602-0861-450e-aa15-39ad18dc83d7] INFO  o.eclipse.m2e.core.internal.Bundles - 	Entry: C:\Users\sampa\.p2\pool\plugins\org.eclipse.m2e.maven.runtime_3.9.900.20240824-1409\jars\maven-builder-support-3.9.9.jar
2025-03-11 11:16:47,650 [Worker-13: Launching mavenrun-60781602-0861-450e-aa15-39ad18dc83d7] INFO  o.eclipse.m2e.core.internal.Bundles - 	Entry: C:\Users\sampa\.p2\pool\plugins\org.eclipse.m2e.maven.runtime_3.9.900.20240824-1409\jars\maven-compat-3.9.9.jar
2025-03-11 11:16:47,650 [Worker-13: Launching mavenrun-60781602-0861-450e-aa15-39ad18dc83d7] INFO  o.eclipse.m2e.core.internal.Bundles - 	Entry: C:\Users\sampa\.p2\pool\plugins\org.eclipse.m2e.maven.runtime_3.9.900.20240824-1409\jars\maven-core-3.9.9.jar
2025-03-11 11:16:47,651 [Worker-13: Launching mavenrun-60781602-0861-450e-aa15-39ad18dc83d7] INFO  o.eclipse.m2e.core.internal.Bundles - 	Entry: C:\Users\sampa\.p2\pool\plugins\org.eclipse.m2e.maven.runtime_3.9.900.20240824-1409\jars\maven-embedder-3.9.9.jar
2025-03-11 11:16:47,651 [Worker-13: Launching mavenrun-60781602-0861-450e-aa15-39ad18dc83d7] INFO  o.eclipse.m2e.core.internal.Bundles - 	Entry: C:\Users\sampa\.p2\pool\plugins\org.eclipse.m2e.maven.runtime_3.9.900.20240824-1409\jars\maven-model-3.9.9.jar
2025-03-11 11:16:47,652 [Worker-13: Launching mavenrun-60781602-0861-450e-aa15-39ad18dc83d7] INFO  o.eclipse.m2e.core.internal.Bundles - 	Entry: C:\Users\sampa\.p2\pool\plugins\org.eclipse.m2e.maven.runtime_3.9.900.20240824-1409\jars\maven-model-builder-3.9.9.jar
2025-03-11 11:16:47,652 [Worker-13: Launching mavenrun-60781602-0861-450e-aa15-39ad18dc83d7] INFO  o.eclipse.m2e.core.internal.Bundles - 	Entry: C:\Users\sampa\.p2\pool\plugins\org.eclipse.m2e.maven.runtime_3.9.900.20240824-1409\jars\maven-plugin-api-3.9.9.jar
2025-03-11 11:16:47,653 [Worker-13: Launching mavenrun-60781602-0861-450e-aa15-39ad18dc83d7] INFO  o.eclipse.m2e.core.internal.Bundles - 	Entry: C:\Users\sampa\.p2\pool\plugins\org.eclipse.m2e.maven.runtime_3.9.900.20240824-1409\jars\maven-repository-metadata-3.9.9.jar
2025-03-11 11:16:47,653 [Worker-13: Launching mavenrun-60781602-0861-450e-aa15-39ad18dc83d7] INFO  o.eclipse.m2e.core.internal.Bundles - 	Entry: C:\Users\sampa\.p2\pool\plugins\org.eclipse.m2e.maven.runtime_3.9.900.20240824-1409\jars\maven-resolver-api-1.9.22.jar
2025-03-11 11:16:47,654 [Worker-13: Launching mavenrun-60781602-0861-450e-aa15-39ad18dc83d7] INFO  o.eclipse.m2e.core.internal.Bundles - 	Entry: C:\Users\sampa\.p2\pool\plugins\org.eclipse.m2e.maven.runtime_3.9.900.20240824-1409\jars\maven-resolver-connector-basic-1.9.22.jar
2025-03-11 11:16:47,655 [Worker-13: Launching mavenrun-60781602-0861-450e-aa15-39ad18dc83d7] INFO  o.eclipse.m2e.core.internal.Bundles - 	Entry: C:\Users\sampa\.p2\pool\plugins\org.eclipse.m2e.maven.runtime_3.9.900.20240824-1409\jars\maven-resolver-impl-1.9.22.jar
2025-03-11 11:16:47,655 [Worker-13: Launching mavenrun-60781602-0861-450e-aa15-39ad18dc83d7] INFO  o.eclipse.m2e.core.internal.Bundles - 	Entry: C:\Users\sampa\.p2\pool\plugins\org.eclipse.m2e.maven.runtime_3.9.900.20240824-1409\jars\maven-resolver-named-locks-1.9.22.jar
2025-03-11 11:16:47,656 [Worker-13: Launching mavenrun-60781602-0861-450e-aa15-39ad18dc83d7] INFO  o.eclipse.m2e.core.internal.Bundles - 	Entry: C:\Users\sampa\.p2\pool\plugins\org.eclipse.m2e.maven.runtime_3.9.900.20240824-1409\jars\maven-resolver-provider-3.9.9.jar
2025-03-11 11:16:47,656 [Worker-13: Launching mavenrun-60781602-0861-450e-aa15-39ad18dc83d7] INFO  o.eclipse.m2e.core.internal.Bundles - 	Entry: C:\Users\sampa\.p2\pool\plugins\org.eclipse.m2e.maven.runtime_3.9.900.20240824-1409\jars\maven-resolver-spi-1.9.22.jar
2025-03-11 11:16:47,657 [Worker-13: Launching mavenrun-60781602-0861-450e-aa15-39ad18dc83d7] INFO  o.eclipse.m2e.core.internal.Bundles - 	Entry: C:\Users\sampa\.p2\pool\plugins\org.eclipse.m2e.maven.runtime_3.9.900.20240824-1409\jars\maven-resolver-transport-file-1.9.22.jar
2025-03-11 11:16:47,657 [Worker-13: Launching mavenrun-60781602-0861-450e-aa15-39ad18dc83d7] INFO  o.eclipse.m2e.core.internal.Bundles - 	Entry: C:\Users\sampa\.p2\pool\plugins\org.eclipse.m2e.maven.runtime_3.9.900.20240824-1409\jars\maven-resolver-transport-http-1.9.22.jar
2025-03-11 11:16:47,658 [Worker-13: Launching mavenrun-60781602-0861-450e-aa15-39ad18dc83d7] INFO  o.eclipse.m2e.core.internal.Bundles - 	Entry: C:\Users\sampa\.p2\pool\plugins\org.eclipse.m2e.maven.runtime_3.9.900.20240824-1409\jars\maven-resolver-transport-wagon-1.9.22.jar
2025-03-11 11:16:47,658 [Worker-13: Launching mavenrun-60781602-0861-450e-aa15-39ad18dc83d7] INFO  o.eclipse.m2e.core.internal.Bundles - 	Entry: C:\Users\sampa\.p2\pool\plugins\org.eclipse.m2e.maven.runtime_3.9.900.20240824-1409\jars\maven-resolver-util-1.9.22.jar
2025-03-11 11:16:47,659 [Worker-13: Launching mavenrun-60781602-0861-450e-aa15-39ad18dc83d7] INFO  o.eclipse.m2e.core.internal.Bundles - 	Entry: C:\Users\sampa\.p2\pool\plugins\org.eclipse.m2e.maven.runtime_3.9.900.20240824-1409\jars\maven-settings-3.9.9.jar
2025-03-11 11:16:47,659 [Worker-13: Launching mavenrun-60781602-0861-450e-aa15-39ad18dc83d7] INFO  o.eclipse.m2e.core.internal.Bundles - 	Entry: C:\Users\sampa\.p2\pool\plugins\org.eclipse.m2e.maven.runtime_3.9.900.20240824-1409\jars\maven-settings-builder-3.9.9.jar
2025-03-11 11:16:47,659 [Worker-13: Launching mavenrun-60781602-0861-450e-aa15-39ad18dc83d7] INFO  o.eclipse.m2e.core.internal.Bundles - 	Entry: C:\Users\sampa\.p2\pool\plugins\org.eclipse.m2e.maven.runtime_3.9.900.20240824-1409\jars\maven-shared-utils-3.4.2.jar
2025-03-11 11:16:47,659 [Worker-13: Launching mavenrun-60781602-0861-450e-aa15-39ad18dc83d7] INFO  o.eclipse.m2e.core.internal.Bundles - 	Entry: C:\Users\sampa\.p2\pool\plugins\org.eclipse.m2e.maven.runtime_3.9.900.20240824-1409\jars\org.eclipse.sisu.inject-0.9.0.M3.jar
2025-03-11 11:16:47,660 [Worker-13: Launching mavenrun-60781602-0861-450e-aa15-39ad18dc83d7] INFO  o.eclipse.m2e.core.internal.Bundles - 	Entry: C:\Users\sampa\.p2\pool\plugins\org.eclipse.m2e.maven.runtime_3.9.900.20240824-1409\jars\org.eclipse.sisu.plexus-0.9.0.M3.jar
2025-03-11 11:16:47,660 [Worker-13: Launching mavenrun-60781602-0861-450e-aa15-39ad18dc83d7] INFO  o.eclipse.m2e.core.internal.Bundles - 	Entry: C:\Users\sampa\.p2\pool\plugins\org.eclipse.m2e.maven.runtime_3.9.900.20240824-1409\jars\plexus-build-api-0.0.7.jar
2025-03-11 11:16:47,660 [Worker-13: Launching mavenrun-60781602-0861-450e-aa15-39ad18dc83d7] INFO  o.eclipse.m2e.core.internal.Bundles - 	Entry: C:\Users\sampa\.p2\pool\plugins\org.eclipse.m2e.maven.runtime_3.9.900.20240824-1409\jars\plexus-build-api-1.2.0.jar
2025-03-11 11:16:47,661 [Worker-13: Launching mavenrun-60781602-0861-450e-aa15-39ad18dc83d7] INFO  o.eclipse.m2e.core.internal.Bundles - 	Entry: C:\Users\sampa\.p2\pool\plugins\org.eclipse.m2e.maven.runtime_3.9.900.20240824-1409\jars\plexus-cipher-2.0.jar
2025-03-11 11:16:47,661 [Worker-13: Launching mavenrun-60781602-0861-450e-aa15-39ad18dc83d7] INFO  o.eclipse.m2e.core.internal.Bundles - 	Entry: C:\Users\sampa\.p2\pool\plugins\org.eclipse.m2e.maven.runtime_3.9.900.20240824-1409\jars\plexus-classworlds-2.8.0.jar
2025-03-11 11:16:47,661 [Worker-13: Launching mavenrun-60781602-0861-450e-aa15-39ad18dc83d7] INFO  o.eclipse.m2e.core.internal.Bundles - 	Entry: C:\Users\sampa\.p2\pool\plugins\org.eclipse.m2e.maven.runtime_3.9.900.20240824-1409\jars\plexus-component-annotations-2.1.0.jar
2025-03-11 11:16:47,662 [Worker-13: Launching mavenrun-60781602-0861-450e-aa15-39ad18dc83d7] INFO  o.eclipse.m2e.core.internal.Bundles - 	Entry: C:\Users\sampa\.p2\pool\plugins\org.eclipse.m2e.maven.runtime_3.9.900.20240824-1409\jars\plexus-interpolation-1.27.jar
2025-03-11 11:16:47,662 [Worker-13: Launching mavenrun-60781602-0861-450e-aa15-39ad18dc83d7] INFO  o.eclipse.m2e.core.internal.Bundles - 	Entry: C:\Users\sampa\.p2\pool\plugins\org.eclipse.m2e.maven.runtime_3.9.900.20240824-1409\jars\plexus-sec-dispatcher-2.0.jar
2025-03-11 11:16:47,662 [Worker-13: Launching mavenrun-60781602-0861-450e-aa15-39ad18dc83d7] INFO  o.eclipse.m2e.core.internal.Bundles - 	Entry: C:\Users\sampa\.p2\pool\plugins\org.eclipse.m2e.maven.runtime_3.9.900.20240824-1409\jars\plexus-utils-3.5.1.jar
2025-03-11 11:16:47,662 [Worker-13: Launching mavenrun-60781602-0861-450e-aa15-39ad18dc83d7] INFO  o.eclipse.m2e.core.internal.Bundles - 	Entry: C:\Users\sampa\.p2\pool\plugins\org.eclipse.m2e.maven.runtime_3.9.900.20240824-1409\jars\plexus-xml-3.0.1.jar
2025-03-11 11:16:47,662 [Worker-13: Launching mavenrun-60781602-0861-450e-aa15-39ad18dc83d7] INFO  o.eclipse.m2e.core.internal.Bundles - 	Entry: C:\Users\sampa\.p2\pool\plugins\org.eclipse.m2e.maven.runtime_3.9.900.20240824-1409\jars\wagon-file-3.5.3.jar
2025-03-11 11:16:47,664 [Worker-13: Launching mavenrun-60781602-0861-450e-aa15-39ad18dc83d7] INFO  o.eclipse.m2e.core.internal.Bundles - 	Entry: C:\Users\sampa\.p2\pool\plugins\org.eclipse.m2e.maven.runtime_3.9.900.20240824-1409\jars\wagon-http-3.5.3.jar
2025-03-11 11:16:47,664 [Worker-13: Launching mavenrun-60781602-0861-450e-aa15-39ad18dc83d7] INFO  o.eclipse.m2e.core.internal.Bundles - 	Entry: C:\Users\sampa\.p2\pool\plugins\org.eclipse.m2e.maven.runtime_3.9.900.20240824-1409\jars\wagon-http-shared-3.5.3.jar
2025-03-11 11:16:47,664 [Worker-13: Launching mavenrun-60781602-0861-450e-aa15-39ad18dc83d7] INFO  o.eclipse.m2e.core.internal.Bundles - 	Entry: C:\Users\sampa\.p2\pool\plugins\org.eclipse.m2e.maven.runtime_3.9.900.20240824-1409\jars\wagon-provider-api-3.5.3.jar
2025-03-11 11:16:47,666 [Worker-13: Launching mavenrun-60781602-0861-450e-aa15-39ad18dc83d7] INFO  o.eclipse.m2e.core.internal.Bundles - getClasspathEntries(Bundle=com.google.guava_33.3.1.jre [10])
2025-03-11 11:16:47,667 [Worker-13: Launching mavenrun-60781602-0861-450e-aa15-39ad18dc83d7] INFO  o.eclipse.m2e.core.internal.Bundles - 	Entry: C:\Users\sampa\.p2\pool\plugins\com.google.guava_33.3.1.jre.jar
2025-03-11 11:16:47,667 [Worker-13: Launching mavenrun-60781602-0861-450e-aa15-39ad18dc83d7] INFO  o.eclipse.m2e.core.internal.Bundles - getClasspathEntries(Bundle=slf4j.api_2.0.16 [524])
2025-03-11 11:16:47,670 [Worker-13: Launching mavenrun-60781602-0861-450e-aa15-39ad18dc83d7] INFO  o.eclipse.m2e.core.internal.Bundles - 	Entry: C:\Users\sampa\.p2\pool\plugins\slf4j.api_2.0.16.jar
2025-03-11 11:16:47,671 [Worker-13: Launching mavenrun-60781602-0861-450e-aa15-39ad18dc83d7] INFO  o.eclipse.m2e.core.internal.Bundles - getClasspathEntries(Bundle=jakarta.inject.jakarta.inject-api_1.0.5 [22])
2025-03-11 11:16:47,672 [Worker-13: Launching mavenrun-60781602-0861-450e-aa15-39ad18dc83d7] INFO  o.eclipse.m2e.core.internal.Bundles - 	Entry: C:\Users\sampa\.p2\pool\plugins\jakarta.inject.jakarta.inject-api_1.0.5.jar
2025-03-11 11:16:47,672 [Worker-13: Launching mavenrun-60781602-0861-450e-aa15-39ad18dc83d7] INFO  o.eclipse.m2e.core.internal.Bundles - getClasspathEntries(Bundle=jakarta.annotation-api_1.3.5 [20])
2025-03-11 11:16:47,673 [Worker-13: Launching mavenrun-60781602-0861-450e-aa15-39ad18dc83d7] INFO  o.eclipse.m2e.core.internal.Bundles - 	Entry: C:\Users\sampa\.p2\pool\plugins\jakarta.annotation-api_1.3.5.jar
2025-03-11 11:16:47,673 [Worker-13: Launching mavenrun-60781602-0861-450e-aa15-39ad18dc83d7] INFO  o.eclipse.m2e.core.internal.Bundles - getClasspathEntries(Bundle=org.apache.commons.cli_1.9.0 [47])
2025-03-11 11:16:47,674 [Worker-13: Launching mavenrun-60781602-0861-450e-aa15-39ad18dc83d7] INFO  o.eclipse.m2e.core.internal.Bundles - 	Entry: C:\Users\sampa\.p2\pool\plugins\org.apache.commons.cli_1.9.0.jar
2025-03-11 11:16:47,674 [Worker-13: Launching mavenrun-60781602-0861-450e-aa15-39ad18dc83d7] INFO  o.eclipse.m2e.core.internal.Bundles - getClasspathEntries(Bundle=org.apache.commons.commons-codec_1.16.0 [50])
2025-03-11 11:16:47,674 [Worker-13: Launching mavenrun-60781602-0861-450e-aa15-39ad18dc83d7] INFO  o.eclipse.m2e.core.internal.Bundles - 	Entry: C:\Users\sampa\.p2\pool\plugins\org.apache.commons.commons-codec_1.16.0.jar
2025-03-11 11:16:47,674 [Worker-13: Launching mavenrun-60781602-0861-450e-aa15-39ad18dc83d7] INFO  o.eclipse.m2e.core.internal.Bundles - getClasspathEntries(Bundle=com.google.guava.failureaccess_1.0.2 [11])
2025-03-11 11:16:47,676 [Worker-13: Launching mavenrun-60781602-0861-450e-aa15-39ad18dc83d7] INFO  o.eclipse.m2e.core.internal.Bundles - 	Entry: C:\Users\sampa\.p2\pool\plugins\com.google.guava.failureaccess_1.0.2.jar
2025-03-11 11:16:47,685 [Worker-13: Launching mavenrun-60781602-0861-450e-aa15-39ad18dc83d7] INFO  o.e.m.i.launch.MavenLaunchDelegate - Run build in "C:\Users\sampa\AppData\Local\Temp\m2e-archetypeGenerator10327535464771955647":
2025-03-11 11:16:47,694 [Worker-13: Launching mavenrun-60781602-0861-450e-aa15-39ad18dc83d7] INFO  o.e.m.i.launch.MavenLaunchDelegate -  mvn  -DjavaCompilerVersion=17 -DjunitVersion=5.11.0 -DarchetypeGroupId=org.apache.maven.archetypes -DarchetypeArtifactId=maven-archetype-quickstart -DarchetypeVersion=1.5 -DgroupId=Wipro -DartifactId=Wipro -Dversion=0.0.1-SNAPSHOT -Dpackage=Wipro.Wipro -DoutputDirectory=C:\Users\sampa\eclipse-workspace\SeleniumPractice -Dstyle.color=always -U archetype:generate
2025-03-11 11:20:41,138 [Worker-10: Launching mavenrun-ef18fc80-667c-4eb6-bd1c-d5a227661a46] INFO  o.eclipse.m2e.core.internal.Bundles - getClasspathEntries(Bundle=org.eclipse.m2e.maven.runtime_3.9.900.20240824-1409 [300])
2025-03-11 11:20:41,152 [Worker-10: Launching mavenrun-ef18fc80-667c-4eb6-bd1c-d5a227661a46] INFO  o.eclipse.m2e.core.internal.Bundles - 	Entry: C:\Users\sampa\.p2\pool\plugins\org.eclipse.m2e.maven.runtime_3.9.900.20240824-1409
2025-03-11 11:20:41,154 [Worker-10: Launching mavenrun-ef18fc80-667c-4eb6-bd1c-d5a227661a46] INFO  o.eclipse.m2e.core.internal.Bundles - 	Entry: C:\Users\sampa\.p2\pool\plugins\org.eclipse.m2e.maven.runtime_3.9.900.20240824-1409\jars\aopalliance-1.0.jar
2025-03-11 11:20:41,163 [Worker-10: Launching mavenrun-ef18fc80-667c-4eb6-bd1c-d5a227661a46] INFO  o.eclipse.m2e.core.internal.Bundles - 	Entry: C:\Users\sampa\.p2\pool\plugins\org.eclipse.m2e.maven.runtime_3.9.900.20240824-1409\jars\guice-5.1.0.jar
2025-03-11 11:20:41,163 [Worker-10: Launching mavenrun-ef18fc80-667c-4eb6-bd1c-d5a227661a46] INFO  o.eclipse.m2e.core.internal.Bundles - 	Entry: C:\Users\sampa\.p2\pool\plugins\org.eclipse.m2e.maven.runtime_3.9.900.20240824-1409\jars\httpclient-4.5.14.jar
2025-03-11 11:20:41,167 [Worker-10: Launching mavenrun-ef18fc80-667c-4eb6-bd1c-d5a227661a46] INFO  o.eclipse.m2e.core.internal.Bundles - 	Entry: C:\Users\sampa\.p2\pool\plugins\org.eclipse.m2e.maven.runtime_3.9.900.20240824-1409\jars\httpcore-4.4.16.jar
2025-03-11 11:20:41,169 [Worker-10: Launching mavenrun-ef18fc80-667c-4eb6-bd1c-d5a227661a46] INFO  o.eclipse.m2e.core.internal.Bundles - 	Entry: C:\Users\sampa\.p2\pool\plugins\org.eclipse.m2e.maven.runtime_3.9.900.20240824-1409\jars\jansi-2.4.1.jar
2025-03-11 11:20:41,169 [Worker-10: Launching mavenrun-ef18fc80-667c-4eb6-bd1c-d5a227661a46] INFO  o.eclipse.m2e.core.internal.Bundles - 	Entry: C:\Users\sampa\.p2\pool\plugins\org.eclipse.m2e.maven.runtime_3.9.900.20240824-1409\jars\jcl-over-slf4j-1.7.36.jar
2025-03-11 11:20:41,170 [Worker-10: Launching mavenrun-ef18fc80-667c-4eb6-bd1c-d5a227661a46] INFO  o.eclipse.m2e.core.internal.Bundles - 	Entry: C:\Users\sampa\.p2\pool\plugins\org.eclipse.m2e.maven.runtime_3.9.900.20240824-1409\jars\maven-artifact-3.9.9.jar
2025-03-11 11:20:41,170 [Worker-10: Launching mavenrun-ef18fc80-667c-4eb6-bd1c-d5a227661a46] INFO  o.eclipse.m2e.core.internal.Bundles - 	Entry: C:\Users\sampa\.p2\pool\plugins\org.eclipse.m2e.maven.runtime_3.9.900.20240824-1409\jars\maven-builder-support-3.9.9.jar
2025-03-11 11:20:41,171 [Worker-10: Launching mavenrun-ef18fc80-667c-4eb6-bd1c-d5a227661a46] INFO  o.eclipse.m2e.core.internal.Bundles - 	Entry: C:\Users\sampa\.p2\pool\plugins\org.eclipse.m2e.maven.runtime_3.9.900.20240824-1409\jars\maven-compat-3.9.9.jar
2025-03-11 11:20:41,174 [Worker-10: Launching mavenrun-ef18fc80-667c-4eb6-bd1c-d5a227661a46] INFO  o.eclipse.m2e.core.internal.Bundles - 	Entry: C:\Users\sampa\.p2\pool\plugins\org.eclipse.m2e.maven.runtime_3.9.900.20240824-1409\jars\maven-core-3.9.9.jar
2025-03-11 11:20:41,176 [Worker-10: Launching mavenrun-ef18fc80-667c-4eb6-bd1c-d5a227661a46] INFO  o.eclipse.m2e.core.internal.Bundles - 	Entry: C:\Users\sampa\.p2\pool\plugins\org.eclipse.m2e.maven.runtime_3.9.900.20240824-1409\jars\maven-embedder-3.9.9.jar
2025-03-11 11:20:41,178 [Worker-10: Launching mavenrun-ef18fc80-667c-4eb6-bd1c-d5a227661a46] INFO  o.eclipse.m2e.core.internal.Bundles - 	Entry: C:\Users\sampa\.p2\pool\plugins\org.eclipse.m2e.maven.runtime_3.9.900.20240824-1409\jars\maven-model-3.9.9.jar
2025-03-11 11:20:41,179 [Worker-10: Launching mavenrun-ef18fc80-667c-4eb6-bd1c-d5a227661a46] INFO  o.eclipse.m2e.core.internal.Bundles - 	Entry: C:\Users\sampa\.p2\pool\plugins\org.eclipse.m2e.maven.runtime_3.9.900.20240824-1409\jars\maven-model-builder-3.9.9.jar
2025-03-11 11:20:41,179 [Worker-10: Launching mavenrun-ef18fc80-667c-4eb6-bd1c-d5a227661a46] INFO  o.eclipse.m2e.core.internal.Bundles - 	Entry: C:\Users\sampa\.p2\pool\plugins\org.eclipse.m2e.maven.runtime_3.9.900.20240824-1409\jars\maven-plugin-api-3.9.9.jar
2025-03-11 11:20:41,181 [Worker-10: Launching mavenrun-ef18fc80-667c-4eb6-bd1c-d5a227661a46] INFO  o.eclipse.m2e.core.internal.Bundles - 	Entry: C:\Users\sampa\.p2\pool\plugins\org.eclipse.m2e.maven.runtime_3.9.900.20240824-1409\jars\maven-repository-metadata-3.9.9.jar
2025-03-11 11:20:41,184 [Worker-10: Launching mavenrun-ef18fc80-667c-4eb6-bd1c-d5a227661a46] INFO  o.eclipse.m2e.core.internal.Bundles - 	Entry: C:\Users\sampa\.p2\pool\plugins\org.eclipse.m2e.maven.runtime_3.9.900.20240824-1409\jars\maven-resolver-api-1.9.22.jar
2025-03-11 11:20:41,185 [Worker-10: Launching mavenrun-ef18fc80-667c-4eb6-bd1c-d5a227661a46] INFO  o.eclipse.m2e.core.internal.Bundles - 	Entry: C:\Users\sampa\.p2\pool\plugins\org.eclipse.m2e.maven.runtime_3.9.900.20240824-1409\jars\maven-resolver-connector-basic-1.9.22.jar
2025-03-11 11:20:41,185 [Worker-10: Launching mavenrun-ef18fc80-667c-4eb6-bd1c-d5a227661a46] INFO  o.eclipse.m2e.core.internal.Bundles - 	Entry: C:\Users\sampa\.p2\pool\plugins\org.eclipse.m2e.maven.runtime_3.9.900.20240824-1409\jars\maven-resolver-impl-1.9.22.jar
2025-03-11 11:20:41,185 [Worker-10: Launching mavenrun-ef18fc80-667c-4eb6-bd1c-d5a227661a46] INFO  o.eclipse.m2e.core.internal.Bundles - 	Entry: C:\Users\sampa\.p2\pool\plugins\org.eclipse.m2e.maven.runtime_3.9.900.20240824-1409\jars\maven-resolver-named-locks-1.9.22.jar
2025-03-11 11:20:41,186 [Worker-10: Launching mavenrun-ef18fc80-667c-4eb6-bd1c-d5a227661a46] INFO  o.eclipse.m2e.core.internal.Bundles - 	Entry: C:\Users\sampa\.p2\pool\plugins\org.eclipse.m2e.maven.runtime_3.9.900.20240824-1409\jars\maven-resolver-provider-3.9.9.jar
2025-03-11 11:20:41,186 [Worker-10: Launching mavenrun-ef18fc80-667c-4eb6-bd1c-d5a227661a46] INFO  o.eclipse.m2e.core.internal.Bundles - 	Entry: C:\Users\sampa\.p2\pool\plugins\org.eclipse.m2e.maven.runtime_3.9.900.20240824-1409\jars\maven-resolver-spi-1.9.22.jar
2025-03-11 11:20:41,187 [Worker-10: Launching mavenrun-ef18fc80-667c-4eb6-bd1c-d5a227661a46] INFO  o.eclipse.m2e.core.internal.Bundles - 	Entry: C:\Users\sampa\.p2\pool\plugins\org.eclipse.m2e.maven.runtime_3.9.900.20240824-1409\jars\maven-resolver-transport-file-1.9.22.jar
2025-03-11 11:20:41,187 [Worker-10: Launching mavenrun-ef18fc80-667c-4eb6-bd1c-d5a227661a46] INFO  o.eclipse.m2e.core.internal.Bundles - 	Entry: C:\Users\sampa\.p2\pool\plugins\org.eclipse.m2e.maven.runtime_3.9.900.20240824-1409\jars\maven-resolver-transport-http-1.9.22.jar
2025-03-11 11:20:41,188 [Worker-10: Launching mavenrun-ef18fc80-667c-4eb6-bd1c-d5a227661a46] INFO  o.eclipse.m2e.core.internal.Bundles - 	Entry: C:\Users\sampa\.p2\pool\plugins\org.eclipse.m2e.maven.runtime_3.9.900.20240824-1409\jars\maven-resolver-transport-wagon-1.9.22.jar
2025-03-11 11:20:41,188 [Worker-10: Launching mavenrun-ef18fc80-667c-4eb6-bd1c-d5a227661a46] INFO  o.eclipse.m2e.core.internal.Bundles - 	Entry: C:\Users\sampa\.p2\pool\plugins\org.eclipse.m2e.maven.runtime_3.9.900.20240824-1409\jars\maven-resolver-util-1.9.22.jar
2025-03-11 11:20:41,189 [Worker-10: Launching mavenrun-ef18fc80-667c-4eb6-bd1c-d5a227661a46] INFO  o.eclipse.m2e.core.internal.Bundles - 	Entry: C:\Users\sampa\.p2\pool\plugins\org.eclipse.m2e.maven.runtime_3.9.900.20240824-1409\jars\maven-settings-3.9.9.jar
2025-03-11 11:20:41,190 [Worker-10: Launching mavenrun-ef18fc80-667c-4eb6-bd1c-d5a227661a46] INFO  o.eclipse.m2e.core.internal.Bundles - 	Entry: C:\Users\sampa\.p2\pool\plugins\org.eclipse.m2e.maven.runtime_3.9.900.20240824-1409\jars\maven-settings-builder-3.9.9.jar
2025-03-11 11:20:41,190 [Worker-10: Launching mavenrun-ef18fc80-667c-4eb6-bd1c-d5a227661a46] INFO  o.eclipse.m2e.core.internal.Bundles - 	Entry: C:\Users\sampa\.p2\pool\plugins\org.eclipse.m2e.maven.runtime_3.9.900.20240824-1409\jars\maven-shared-utils-3.4.2.jar
2025-03-11 11:20:41,191 [Worker-10: Launching mavenrun-ef18fc80-667c-4eb6-bd1c-d5a227661a46] INFO  o.eclipse.m2e.core.internal.Bundles - 	Entry: C:\Users\sampa\.p2\pool\plugins\org.eclipse.m2e.maven.runtime_3.9.900.20240824-1409\jars\org.eclipse.sisu.inject-0.9.0.M3.jar
2025-03-11 11:20:41,192 [Worker-10: Launching mavenrun-ef18fc80-667c-4eb6-bd1c-d5a227661a46] INFO  o.eclipse.m2e.core.internal.Bundles - 	Entry: C:\Users\sampa\.p2\pool\plugins\org.eclipse.m2e.maven.runtime_3.9.900.20240824-1409\jars\org.eclipse.sisu.plexus-0.9.0.M3.jar
2025-03-11 11:20:41,192 [Worker-10: Launching mavenrun-ef18fc80-667c-4eb6-bd1c-d5a227661a46] INFO  o.eclipse.m2e.core.internal.Bundles - 	Entry: C:\Users\sampa\.p2\pool\plugins\org.eclipse.m2e.maven.runtime_3.9.900.20240824-1409\jars\plexus-build-api-0.0.7.jar
2025-03-11 11:20:41,193 [Worker-10: Launching mavenrun-ef18fc80-667c-4eb6-bd1c-d5a227661a46] INFO  o.eclipse.m2e.core.internal.Bundles - 	Entry: C:\Users\sampa\.p2\pool\plugins\org.eclipse.m2e.maven.runtime_3.9.900.20240824-1409\jars\plexus-build-api-1.2.0.jar
2025-03-11 11:20:41,193 [Worker-10: Launching mavenrun-ef18fc80-667c-4eb6-bd1c-d5a227661a46] INFO  o.eclipse.m2e.core.internal.Bundles - 	Entry: C:\Users\sampa\.p2\pool\plugins\org.eclipse.m2e.maven.runtime_3.9.900.20240824-1409\jars\plexus-cipher-2.0.jar
2025-03-11 11:20:41,193 [Worker-10: Launching mavenrun-ef18fc80-667c-4eb6-bd1c-d5a227661a46] INFO  o.eclipse.m2e.core.internal.Bundles - 	Entry: C:\Users\sampa\.p2\pool\plugins\org.eclipse.m2e.maven.runtime_3.9.900.20240824-1409\jars\plexus-classworlds-2.8.0.jar
2025-03-11 11:20:41,194 [Worker-10: Launching mavenrun-ef18fc80-667c-4eb6-bd1c-d5a227661a46] INFO  o.eclipse.m2e.core.internal.Bundles - 	Entry: C:\Users\sampa\.p2\pool\plugins\org.eclipse.m2e.maven.runtime_3.9.900.20240824-1409\jars\plexus-component-annotations-2.1.0.jar
2025-03-11 11:20:41,194 [Worker-10: Launching mavenrun-ef18fc80-667c-4eb6-bd1c-d5a227661a46] INFO  o.eclipse.m2e.core.internal.Bundles - 	Entry: C:\Users\sampa\.p2\pool\plugins\org.eclipse.m2e.maven.runtime_3.9.900.20240824-1409\jars\plexus-interpolation-1.27.jar
2025-03-11 11:20:41,194 [Worker-10: Launching mavenrun-ef18fc80-667c-4eb6-bd1c-d5a227661a46] INFO  o.eclipse.m2e.core.internal.Bundles - 	Entry: C:\Users\sampa\.p2\pool\plugins\org.eclipse.m2e.maven.runtime_3.9.900.20240824-1409\jars\plexus-sec-dispatcher-2.0.jar
2025-03-11 11:20:41,196 [Worker-10: Launching mavenrun-ef18fc80-667c-4eb6-bd1c-d5a227661a46] INFO  o.eclipse.m2e.core.internal.Bundles - 	Entry: C:\Users\sampa\.p2\pool\plugins\org.eclipse.m2e.maven.runtime_3.9.900.20240824-1409\jars\plexus-utils-3.5.1.jar
2025-03-11 11:20:41,197 [Worker-10: Launching mavenrun-ef18fc80-667c-4eb6-bd1c-d5a227661a46] INFO  o.eclipse.m2e.core.internal.Bundles - 	Entry: C:\Users\sampa\.p2\pool\plugins\org.eclipse.m2e.maven.runtime_3.9.900.20240824-1409\jars\plexus-xml-3.0.1.jar
2025-03-11 11:20:41,201 [Worker-10: Launching mavenrun-ef18fc80-667c-4eb6-bd1c-d5a227661a46] INFO  o.eclipse.m2e.core.internal.Bundles - 	Entry: C:\Users\sampa\.p2\pool\plugins\org.eclipse.m2e.maven.runtime_3.9.900.20240824-1409\jars\wagon-file-3.5.3.jar
2025-03-11 11:20:41,202 [Worker-10: Launching mavenrun-ef18fc80-667c-4eb6-bd1c-d5a227661a46] INFO  o.eclipse.m2e.core.internal.Bundles - 	Entry: C:\Users\sampa\.p2\pool\plugins\org.eclipse.m2e.maven.runtime_3.9.900.20240824-1409\jars\wagon-http-3.5.3.jar
2025-03-11 11:20:41,203 [Worker-10: Launching mavenrun-ef18fc80-667c-4eb6-bd1c-d5a227661a46] INFO  o.eclipse.m2e.core.internal.Bundles - 	Entry: C:\Users\sampa\.p2\pool\plugins\org.eclipse.m2e.maven.runtime_3.9.900.20240824-1409\jars\wagon-http-shared-3.5.3.jar
2025-03-11 11:20:41,204 [Worker-10: Launching mavenrun-ef18fc80-667c-4eb6-bd1c-d5a227661a46] INFO  o.eclipse.m2e.core.internal.Bundles - 	Entry: C:\Users\sampa\.p2\pool\plugins\org.eclipse.m2e.maven.runtime_3.9.900.20240824-1409\jars\wagon-provider-api-3.5.3.jar
2025-03-11 11:20:41,206 [Worker-10: Launching mavenrun-ef18fc80-667c-4eb6-bd1c-d5a227661a46] INFO  o.eclipse.m2e.core.internal.Bundles - getClasspathEntries(Bundle=com.google.guava_33.3.1.jre [10])
2025-03-11 11:20:41,208 [Worker-10: Launching mavenrun-ef18fc80-667c-4eb6-bd1c-d5a227661a46] INFO  o.eclipse.m2e.core.internal.Bundles - 	Entry: C:\Users\sampa\.p2\pool\plugins\com.google.guava_33.3.1.jre.jar
2025-03-11 11:20:41,208 [Worker-10: Launching mavenrun-ef18fc80-667c-4eb6-bd1c-d5a227661a46] INFO  o.eclipse.m2e.core.internal.Bundles - getClasspathEntries(Bundle=slf4j.api_2.0.16 [524])
2025-03-11 11:20:41,209 [Worker-10: Launching mavenrun-ef18fc80-667c-4eb6-bd1c-d5a227661a46] INFO  o.eclipse.m2e.core.internal.Bundles - 	Entry: C:\Users\sampa\.p2\pool\plugins\slf4j.api_2.0.16.jar
2025-03-11 11:20:41,209 [Worker-10: Launching mavenrun-ef18fc80-667c-4eb6-bd1c-d5a227661a46] INFO  o.eclipse.m2e.core.internal.Bundles - getClasspathEntries(Bundle=jakarta.inject.jakarta.inject-api_1.0.5 [22])
2025-03-11 11:20:41,210 [Worker-10: Launching mavenrun-ef18fc80-667c-4eb6-bd1c-d5a227661a46] INFO  o.eclipse.m2e.core.internal.Bundles - 	Entry: C:\Users\sampa\.p2\pool\plugins\jakarta.inject.jakarta.inject-api_1.0.5.jar
2025-03-11 11:20:41,210 [Worker-10: Launching mavenrun-ef18fc80-667c-4eb6-bd1c-d5a227661a46] INFO  o.eclipse.m2e.core.internal.Bundles - getClasspathEntries(Bundle=jakarta.annotation-api_1.3.5 [20])
2025-03-11 11:20:41,211 [Worker-10: Launching mavenrun-ef18fc80-667c-4eb6-bd1c-d5a227661a46] INFO  o.eclipse.m2e.core.internal.Bundles - 	Entry: C:\Users\sampa\.p2\pool\plugins\jakarta.annotation-api_1.3.5.jar
2025-03-11 11:20:41,212 [Worker-10: Launching mavenrun-ef18fc80-667c-4eb6-bd1c-d5a227661a46] INFO  o.eclipse.m2e.core.internal.Bundles - getClasspathEntries(Bundle=org.apache.commons.cli_1.9.0 [47])
2025-03-11 11:20:41,212 [Worker-10: Launching mavenrun-ef18fc80-667c-4eb6-bd1c-d5a227661a46] INFO  o.eclipse.m2e.core.internal.Bundles - 	Entry: C:\Users\sampa\.p2\pool\plugins\org.apache.commons.cli_1.9.0.jar
2025-03-11 11:20:41,213 [Worker-10: Launching mavenrun-ef18fc80-667c-4eb6-bd1c-d5a227661a46] INFO  o.eclipse.m2e.core.internal.Bundles - getClasspathEntries(Bundle=org.apache.commons.commons-codec_1.16.0 [50])
2025-03-11 11:20:41,213 [Worker-10: Launching mavenrun-ef18fc80-667c-4eb6-bd1c-d5a227661a46] INFO  o.eclipse.m2e.core.internal.Bundles - 	Entry: C:\Users\sampa\.p2\pool\plugins\org.apache.commons.commons-codec_1.16.0.jar
2025-03-11 11:20:41,213 [Worker-10: Launching mavenrun-ef18fc80-667c-4eb6-bd1c-d5a227661a46] INFO  o.eclipse.m2e.core.internal.Bundles - getClasspathEntries(Bundle=com.google.guava.failureaccess_1.0.2 [11])
2025-03-11 11:20:41,214 [Worker-10: Launching mavenrun-ef18fc80-667c-4eb6-bd1c-d5a227661a46] INFO  o.eclipse.m2e.core.internal.Bundles - 	Entry: C:\Users\sampa\.p2\pool\plugins\com.google.guava.failureaccess_1.0.2.jar
2025-03-11 11:20:41,221 [Worker-10: Launching mavenrun-ef18fc80-667c-4eb6-bd1c-d5a227661a46] INFO  o.e.m.i.launch.MavenLaunchDelegate - Run build in "C:\Users\sampa\AppData\Local\Temp\m2e-archetypeGenerator7544696242113145920":
2025-03-11 11:20:41,222 [Worker-10: Launching mavenrun-ef18fc80-667c-4eb6-bd1c-d5a227661a46] INFO  o.e.m.i.launch.MavenLaunchDelegate -  mvn  -DjavaCompilerVersion=17 -DjunitVersion=5.11.0 -DarchetypeGroupId=org.apache.maven.archetypes -DarchetypeArtifactId=maven-archetype-quickstart -DarchetypeVersion=1.5 -DgroupId=Wipro_27 -DartifactId=Wipro_27 -Dversion=0.0.1-SNAPSHOT -Dpackage=Wipro_27.Wipro_27 -DoutputDirectory=C:\Users\sampa\eclipse-workspace\SeleniumPractice -Dstyle.color=always -U archetype:generate
